<?xml version="1.0" encoding="UTF-8"?>
<!-- Generated by org.testng.reporters.JUnitReportReporter -->
<testsuite hostname="DESKTOP-4G6V73A" failures="0" tests="2" name="TestRunner.RunnerTest" time="14.496" errors="0" timestamp="2023-08-04T19:41:32 IST" skipped="0">
  <testcase classname="TestRunner.RunnerTest" name="runScenario" time="2.922"/>
  <system-out/>
  <testcase classname="TestRunner.RunnerTest" name="runScenario" time="11.574"/>
  <system-out/>
</testsuite> <!-- TestRunner.RunnerTest -->
