<?xml version="1.0" encoding="UTF-8"?>
<!-- Generated by org.testng.reporters.JUnitReportReporter -->
<testsuite hostname="DESKTOP-4G6V73A" failures="0" tests="1" name="TestRunner.RunnerTest" time="12.641" errors="0" timestamp="2023-08-04T19:04:16 IST" skipped="0">
  <testcase classname="TestRunner.RunnerTest" name="runScenario" time="12.641"/>
  <system-out/>
</testsuite> <!-- TestRunner.RunnerTest -->
