<?xml version="1.0" encoding="UTF-8"?>
<!-- Generated by org.testng.reporters.JUnitReportReporter -->
<testsuite hostname="LAPTOP-IUJCQHFK" failures="0" tests="3" name="TestRunner.RunnerTest" time="18.795" errors="0" timestamp="2023-08-04T20:39:59 IST" skipped="0">
  <testcase classname="TestRunner.RunnerTest" name="runScenario" time="2.918"/>
  <system-out/>
  <testcase classname="TestRunner.RunnerTest" name="runScenario" time="13.482"/>
  <system-out/>
  <testcase classname="TestRunner.RunnerTest" name="runScenario" time="2.395"/>
  <system-out/>
</testsuite> <!-- TestRunner.RunnerTest -->
